<?xml version="1.0" encoding="UTF-8"?>
<!-- Generated by org.testng.reporters.JUnitXMLReporter -->
<testsuite ignored="0" hostname="LTIN610075" failures="1" tests="1" name="MiniProjectPOM" time="0.042" errors="0" timestamp="2025-07-25T22:47:38 IST">
  <testcase classname="com.cts.miniproject.testrunners.MiniProjectTest" name="testcases" time="0.0">
    <failure type="org.testng.TestNGException" message="
Method public void com.cts.miniproject.testrunners.MiniProjectTest.testcases() requires a @DataProvider named : datamethod">
      <![CDATA[org.testng.TestNGException: 
Method public void com.cts.miniproject.testrunners.MiniProjectTest.testcases() requires a @DataProvider named : datamethod
at java.base/java.util.ArrayList.forEach(ArrayList.java:1596)
at com.intellij.rt.testng.IDEARemoteTestNG.run(IDEARemoteTestNG.java:65)
at com.intellij.rt.testng.RemoteTestNGStarter.main(RemoteTestNGStarter.java:105)
... Removed 21 stack frames]]>
    </failure>
  </testcase> <!-- testcases -->
</testsuite> <!-- MiniProjectPOM -->
